<?xml version="1.0" encoding="UTF-8"?>
<!-- Generated by org.testng.reporters.JUnitReportReporter -->
<testsuite hostname="Itctesting19" failures="0" tests="1" name="bikegallery.logintest" time="8.152" errors="0" timestamp="2022-07-04T15:25:52 GMT+05:30" skipped="0">
  <testcase classname="bikegallery.logintest" name="login" time="8.152"/>
  <system-out/>
</testsuite> <!-- bikegallery.logintest -->
