<?xml version="1.0" encoding="UTF-8"?>
<!-- Generated by org.testng.reporters.JUnitReportReporter -->
<testsuite hostname="Itctesting19" failures="0" tests="1" name="bikegallery.biketest_prac" time="4.511" errors="0" timestamp="2022-07-07T09:24:13 GMT+05:30" skipped="0">
  <testcase classname="bikegallery.biketest_prac" name="login" time="4.511"/>
  <system-out/>
</testsuite> <!-- bikegallery.biketest_prac -->
