<?xml version="1.0" encoding="UTF-8"?>
<!-- Generated by org.testng.reporters.JUnitReportReporter -->
<testsuite hostname="Itctesting19" failures="0" tests="1" name="bikegallery.Contest" time="15.868" errors="0" timestamp="2022-07-06T14:43:10 GMT+05:30" skipped="0">
  <testcase classname="bikegallery.Contest" name="login" time="15.868"/>
  <system-out/>
</testsuite> <!-- bikegallery.Contest -->
